<?xml version="1.0" encoding="UTF-8"?>
<!-- Generated by org.testng.reporters.JUnitReportReporter -->
<testsuite hostname="intitccul-5279" failures="0" tests="3" name="shubhamAdvanceSelenium.test.SubmitOrder" time="14.933" errors="0" timestamp="2023-12-13T17:35:35 IST" skipped="0">
  <testcase classname="shubhamAdvanceSelenium.test.SubmitOrder" name="OrderHistoryTest" time="2.725"/>
  <system-out/>
  <testcase classname="shubhamAdvanceSelenium.test.SubmitOrder" name="submitOrder" time="6.482"/>
  <system-out/>
  <testcase classname="shubhamAdvanceSelenium.test.SubmitOrder" name="submitOrder" time="5.726"/>
  <system-out/>
</testsuite> <!-- shubhamAdvanceSelenium.test.SubmitOrder -->
