<?xml version="1.0" encoding="UTF-8"?>
<!-- Generated by org.testng.reporters.JUnitReportReporter -->
<testsuite hostname="intitccul-5279" failures="0" tests="3" name="shubhamAdvanceSelenium.test.SubmitOrder" time="22.681" errors="0" timestamp="2023-06-20T18:35:46 IST" skipped="0">
  <testcase classname="shubhamAdvanceSelenium.test.SubmitOrder" name="submitOrder" time="9.515"/>
  <system-out/>
  <testcase classname="shubhamAdvanceSelenium.test.SubmitOrder" name="OrderHistoryTest" time="5.722"/>
  <system-out/>
  <testcase classname="shubhamAdvanceSelenium.test.SubmitOrder" name="submitOrder" time="7.444"/>
  <system-out/>
</testsuite> <!-- shubhamAdvanceSelenium.test.SubmitOrder -->
