<?xml version="1.0" encoding="UTF-8"?>
<!-- Generated by org.testng.reporters.JUnitReportReporter -->
<testsuite hostname="intitccul-5279" failures="0" tests="2" name="shubhamAdvanceSelenium.test.ErrorValidation" time="13.148" errors="0" timestamp="2023-06-13T13:24:32 IST" skipped="0">
  <testcase classname="shubhamAdvanceSelenium.test.ErrorValidation" name="ProductErrorValidation" time="5.908"/>
  <system-out/>
  <testcase classname="shubhamAdvanceSelenium.test.ErrorValidation" name="LoginErrorValidation" time="7.240"/>
  <system-out/>
</testsuite> <!-- shubhamAdvanceSelenium.test.ErrorValidation -->
