<?xml version="1.0" encoding="UTF-8"?>
<!-- Generated by org.testng.reporters.JUnitReportReporter -->
<testsuite hostname="intitccul-5279" failures="0" tests="1" name="cucumber.TestNGTestRunner" time="9.144" errors="0" timestamp="2023-06-13T13:26:06 IST" skipped="0">
  <testcase classname="cucumber.TestNGTestRunner" name="runScenario" time="9.144"/>
  <system-out/>
</testsuite> <!-- cucumber.TestNGTestRunner -->
