<?xml version="1.0" encoding="UTF-8"?>
<!-- Generated by org.testng.reporters.JUnitReportReporter -->
<testsuite hostname="intitccul-5279" failures="0" tests="2" name="shubhamAdvanceSelenium.test.StandAlone" time="20.487" errors="0" timestamp="2023-06-11T20:15:15 IST" skipped="0">
  <testcase classname="shubhamAdvanceSelenium.test.StandAlone" name="submitOrder" time="10.055"/>
  <system-out/>
  <testcase classname="shubhamAdvanceSelenium.test.StandAlone" name="submitOrder" time="10.432"/>
  <system-out/>
</testsuite> <!-- shubhamAdvanceSelenium.test.StandAlone -->
