<?xml version="1.0" encoding="UTF-8"?>
<!-- Generated by org.testng.reporters.JUnitReportReporter -->
<testsuite hostname="intitccul-5279" failures="0" tests="2" name="shubhamAdvanceSelenium.test.ErrorValidation" time="10.294" errors="0" timestamp="2023-06-13T13:23:27 IST" skipped="0">
  <testcase classname="shubhamAdvanceSelenium.test.ErrorValidation" name="ProductErrorValidation" time="5.567"/>
  <system-out/>
  <testcase classname="shubhamAdvanceSelenium.test.ErrorValidation" name="LoginErrorValidation" time="4.727"/>
  <system-out/>
</testsuite> <!-- shubhamAdvanceSelenium.test.ErrorValidation -->
