<?xml version="1.0" encoding="UTF-8"?>
<!-- Generated by org.testng.reporters.JUnitReportReporter -->
<testsuite hostname="intitccul-5279" failures="0" tests="3" name="shubhamAdvanceSelenium.test.SubmitOrder" time="18.597" errors="0" timestamp="2023-06-13T13:23:27 IST" skipped="0">
  <testcase classname="shubhamAdvanceSelenium.test.SubmitOrder" name="submitOrder" time="5.997"/>
  <system-out/>
  <testcase classname="shubhamAdvanceSelenium.test.SubmitOrder" name="submitOrder" time="9.195"/>
  <system-out/>
  <testcase classname="shubhamAdvanceSelenium.test.SubmitOrder" name="OrderHistoryTest" time="3.405"/>
  <system-out/>
</testsuite> <!-- shubhamAdvanceSelenium.test.SubmitOrder -->
